# JRE version: Java(TM) SE Runtime Environment (17.0.5+9) (build 17.0.5+9-LTS-191)
# Java VM: Java HotSpot(TM) 64-Bit Server VM (17.0.5+9-LTS-191, mixed mode, sharing, tiered, compressed oops, compressed class ptrs, g1 gc, windows-amd64)
GC Precious Log:
 CPUs: 4 total, 4 available
 Memory: 8072M
 Large Page Support: Disabled
 NUMA Support: Disabled
 Compressed Oops: Enabled (32-bit)
 Heap Region Size: 1M
 Heap Min Capacity: 8M
 Heap Initial Capacity: 128M
 Heap Max Capacity: 2020M
 Pre-touch: Disabled
 Parallel Workers: 4
 Concurrent Workers: 1
 Concurrent Refinement Workers: 4
 Periodic GC: Disabled
Heap:
 garbage-first heap   total 137216K, used 53209K [0x0000000081c00000, 0x0000000100000000)
  region size 1024K, 1 young (1024K), 1 survivors (1024K)
 Metaspace       used 25890K, committed 26240K, reserved 1073152K
  class space    used 2900K, committed 3072K, reserved 1048576K
GC Heap History (20 events):
Event: 2.804 GC heap after
{Heap after GC invocations=2 (full 0):
 garbage-first heap   total 131072K, used 3531K [0x0000000081c00000, 0x0000000100000000)
  region size 1024K, 1 young (1024K), 1 survivors (1024K)
 Metaspace       used 4952K, committed 5056K, reserved 1056768K
  class space    used 580K, committed 640K, reserved 1048576K
}
Event: 6.240 GC heap before
{Heap before GC invocations=2 (full 0):
 garbage-first heap   total 131072K, used 80331K [0x0000000081c00000, 0x0000000100000000)
  region size 1024K, 76 young (77824K), 1 survivors (1024K)
 Metaspace       used 12868K, committed 13056K, reserved 1064960K
  class space    used 1478K, committed 1536K, reserved 1048576K
}
Event: 6.257 GC heap after
{Heap after GC invocations=3 (full 0):
 garbage-first heap   total 131072K, used 10628K [0x0000000081c00000, 0x0000000100000000)
  region size 1024K, 8 young (8192K), 8 survivors (8192K)
 Metaspace       used 12868K, committed 13056K, reserved 1064960K
  class space    used 1478K, committed 1536K, reserved 1048576K
}
Event: 9.065 GC heap before
{Heap before GC invocations=3 (full 0):
 garbage-first heap   total 131072K, used 112004K [0x0000000081c00000, 0x0000000100000000)
  region size 1024K, 76 young (77824K), 8 survivors (8192K)
 Metaspace       used 16774K, committed 16960K, reserved 1064960K
  class space    used 1860K, committed 1920K, reserved 1048576K
}
Event: 9.084 GC heap after
{Heap after GC invocations=4 (full 0):
 garbage-first heap   total 131072K, used 14884K [0x0000000081c00000, 0x0000000100000000)
  region size 1024K, 5 young (5120K), 5 survivors (5120K)
 Metaspace       used 16774K, committed 16960K, reserved 1064960K
  class space    used 1860K, committed 1920K, reserved 1048576K
}
Event: 9.898 GC heap before
{Heap before GC invocations=4 (full 0):
 garbage-first heap   total 131072K, used 30244K [0x0000000081c00000, 0x0000000100000000)
  region size 1024K, 17 young (17408K), 5 survivors (5120K)
 Metaspace       used 21299K, committed 21504K, reserved 1073152K
  class space    used 2436K, committed 2560K, reserved 1048576K
}
Event: 9.909 GC heap after
{Heap after GC invocations=5 (full 0):
 garbage-first heap   total 131072K, used 22949K [0x0000000081c00000, 0x0000000100000000)
  region size 1024K, 9 young (9216K), 9 survivors (9216K)
 Metaspace       used 21299K, committed 21504K, reserved 1073152K
  class space    used 2436K, committed 2560K, reserved 1048576K
}
Event: 11.287 GC heap before
{Heap before GC invocations=6 (full 0):
 garbage-first heap   total 81920K, used 63909K [0x0000000081c00000, 0x0000000100000000)
  region size 1024K, 48 young (49152K), 9 survivors (9216K)
 Metaspace       used 23351K, committed 23616K, reserved 1073152K
  class space    used 2640K, committed 2752K, reserved 1048576K
}
Event: 11.319 GC heap after
{Heap after GC invocations=7 (full 0):
 garbage-first heap   total 88064K, used 35624K [0x0000000081c00000, 0x0000000100000000)
  region size 1024K, 6 young (6144K), 6 survivors (6144K)
 Metaspace       used 23351K, committed 23616K, reserved 1073152K
  class space    used 2640K, committed 2752K, reserved 1048576K
}
Event: 11.328 GC heap before
{Heap before GC invocations=7 (full 0):
 garbage-first heap   total 88064K, used 36648K [0x0000000081c00000, 0x0000000100000000)
  region size 1024K, 7 young (7168K), 6 survivors (6144K)
 Metaspace       used 23352K, committed 23616K, reserved 1073152K
  class space    used 2640K, committed 2752K, reserved 1048576K
}
Event: 11.340 GC heap after
{Heap after GC invocations=8 (full 0):
 garbage-first heap   total 88064K, used 36864K [0x0000000081c00000, 0x0000000100000000)
  region size 1024K, 1 young (1024K), 1 survivors (1024K)
 Metaspace       used 23352K, committed 23616K, reserved 1073152K
  class space    used 2640K, committed 2752K, reserved 1048576K
}
Event: 12.829 GC heap before
{Heap before GC invocations=8 (full 0):
 garbage-first heap   total 88064K, used 63488K [0x0000000081c00000, 0x0000000100000000)
  region size 1024K, 26 young (26624K), 1 survivors (1024K)
 Metaspace       used 25461K, committed 25664K, reserved 1073152K
  class space    used 2891K, committed 2944K, reserved 1048576K
}
Event: 12.843 GC heap after
{Heap after GC invocations=9 (full 0):
 garbage-first heap   total 88064K, used 41984K [0x0000000081c00000, 0x0000000100000000)
  region size 1024K, 4 young (4096K), 4 survivors (4096K)
 Metaspace       used 25461K, committed 25664K, reserved 1073152K
  class space    used 2891K, committed 2944K, reserved 1048576K
}
Event: 13.772 GC heap before
{Heap before GC invocations=10 (full 0):
 garbage-first heap   total 88064K, used 55296K [0x0000000081c00000, 0x0000000100000000)
  region size 1024K, 16 young (16384K), 4 survivors (4096K)
 Metaspace       used 25813K, committed 26112K, reserved 1073152K
  class space    used 2900K, committed 3072K, reserved 1048576K
}
Event: 13.786 GC heap after
{Heap after GC invocations=11 (full 0):
 garbage-first heap   total 88064K, used 43008K [0x0000000081c00000, 0x0000000100000000)
  region size 1024K, 1 young (1024K), 1 survivors (1024K)
 Metaspace       used 25813K, committed 26112K, reserved 1073152K
  class space    used 2900K, committed 3072K, reserved 1048576K
}
Event: 14.371 GC heap before
{Heap before GC invocations=12 (full 0):
 garbage-first heap   total 88064K, used 69632K [0x0000000081c00000, 0x0000000100000000)
  region size 1024K, 24 young (24576K), 1 survivors (1024K)
 Metaspace       used 25890K, committed 26240K, reserved 1073152K
  class space    used 2900K, committed 3072K, reserved 1048576K
}
Event: 14.389 GC heap after
{Heap after GC invocations=13 (full 0):
 garbage-first heap   total 88064K, used 60090K [0x0000000081c00000, 0x0000000100000000)
  region size 1024K, 3 young (3072K), 3 survivors (3072K)
 Metaspace       used 25890K, committed 26240K, reserved 1073152K
  class space    used 2900K, committed 3072K, reserved 1048576K
}
Event: 14.400 GC heap before
{Heap before GC invocations=13 (full 0):
 garbage-first heap   total 88064K, used 61114K [0x0000000081c00000, 0x0000000100000000)
  region size 1024K, 4 young (4096K), 3 survivors (3072K)
 Metaspace       used 25890K, committed 26240K, reserved 1073152K
  class space    used 2900K, committed 3072K, reserved 1048576K
}
Event: 14.413 GC heap after
{Heap after GC invocations=14 (full 0):
 garbage-first heap   total 88064K, used 53293K [0x0000000081c00000, 0x0000000100000000)
  region size 1024K, 1 young (1024K), 1 survivors (1024K)
 Metaspace       used 25890K, committed 26240K, reserved 1073152K
  class space    used 2900K, committed 3072K, reserved 1048576K
}
Event: 14.498 GC heap before
{Heap before GC invocations=14 (full 0):
 garbage-first heap   total 88064K, used 56365K [0x0000000081c00000, 0x0000000100000000)
  region size 1024K, 4 young (4096K), 1 survivors (1024K)
 Metaspace       used 25890K, committed 26240K, reserved 1073152K
  class space    used 2900K, committed 3072K, reserved 1048576K
}

