# JRE version: Java(TM) SE Runtime Environment (17.0.5+9) (build 17.0.5+9-LTS-191)
# Java VM: Java HotSpot(TM) 64-Bit Server VM (17.0.5+9-LTS-191, mixed mode, sharing, tiered, compressed oops, compressed class ptrs, g1 gc, windows-amd64)
GC Precious Log:
 CPUs: 4 total, 4 available
 Memory: 8072M
 Large Page Support: Disabled
 NUMA Support: Disabled
 Compressed Oops: Enabled (32-bit)
 Heap Region Size: 1M
 Heap Min Capacity: 8M
 Heap Initial Capacity: 128M
 Heap Max Capacity: 2020M
 Pre-touch: Disabled
 Parallel Workers: 4
 Concurrent Workers: 1
 Concurrent Refinement Workers: 4
 Periodic GC: Disabled
Heap:
 garbage-first heap   total 137216K, used 53207K [0x0000000081c00000, 0x0000000100000000)
  region size 1024K, 1 young (1024K), 1 survivors (1024K)
 Metaspace       used 25936K, committed 26240K, reserved 1073152K
  class space    used 2899K, committed 3072K, reserved 1048576K
GC Heap History (20 events):
Event: 2.367 GC heap after
{Heap after GC invocations=2 (full 0):
 garbage-first heap   total 131072K, used 3619K [0x0000000081c00000, 0x0000000100000000)
  region size 1024K, 1 young (1024K), 1 survivors (1024K)
 Metaspace       used 4948K, committed 5056K, reserved 1056768K
  class space    used 579K, committed 640K, reserved 1048576K
}
Event: 5.780 GC heap before
{Heap before GC invocations=2 (full 0):
 garbage-first heap   total 131072K, used 80419K [0x0000000081c00000, 0x0000000100000000)
  region size 1024K, 76 young (77824K), 1 survivors (1024K)
 Metaspace       used 12871K, committed 13056K, reserved 1064960K
  class space    used 1477K, committed 1536K, reserved 1048576K
}
Event: 5.798 GC heap after
{Heap after GC invocations=3 (full 0):
 garbage-first heap   total 131072K, used 10614K [0x0000000081c00000, 0x0000000100000000)
  region size 1024K, 8 young (8192K), 8 survivors (8192K)
 Metaspace       used 12871K, committed 13056K, reserved 1064960K
  class space    used 1477K, committed 1536K, reserved 1048576K
}
Event: 8.446 GC heap before
{Heap before GC invocations=3 (full 0):
 garbage-first heap   total 131072K, used 111990K [0x0000000081c00000, 0x0000000100000000)
  region size 1024K, 76 young (77824K), 8 survivors (8192K)
 Metaspace       used 16785K, committed 17024K, reserved 1064960K
  class space    used 1859K, committed 1984K, reserved 1048576K
}
Event: 8.464 GC heap after
{Heap after GC invocations=4 (full 0):
 garbage-first heap   total 131072K, used 14679K [0x0000000081c00000, 0x0000000100000000)
  region size 1024K, 5 young (5120K), 5 survivors (5120K)
 Metaspace       used 16785K, committed 17024K, reserved 1064960K
  class space    used 1859K, committed 1984K, reserved 1048576K
}
Event: 9.172 GC heap before
{Heap before GC invocations=4 (full 0):
 garbage-first heap   total 131072K, used 30039K [0x0000000081c00000, 0x0000000100000000)
  region size 1024K, 17 young (17408K), 5 survivors (5120K)
 Metaspace       used 21280K, committed 21504K, reserved 1073152K
  class space    used 2432K, committed 2560K, reserved 1048576K
}
Event: 9.184 GC heap after
{Heap after GC invocations=5 (full 0):
 garbage-first heap   total 131072K, used 22971K [0x0000000081c00000, 0x0000000100000000)
  region size 1024K, 9 young (9216K), 9 survivors (9216K)
 Metaspace       used 21280K, committed 21504K, reserved 1073152K
  class space    used 2432K, committed 2560K, reserved 1048576K
}
Event: 10.501 GC heap before
{Heap before GC invocations=6 (full 0):
 garbage-first heap   total 81920K, used 63931K [0x0000000081c00000, 0x0000000100000000)
  region size 1024K, 48 young (49152K), 9 survivors (9216K)
 Metaspace       used 23340K, committed 23552K, reserved 1073152K
  class space    used 2639K, committed 2752K, reserved 1048576K
}
Event: 10.535 GC heap after
{Heap after GC invocations=7 (full 0):
 garbage-first heap   total 88064K, used 35645K [0x0000000081c00000, 0x0000000100000000)
  region size 1024K, 6 young (6144K), 6 survivors (6144K)
 Metaspace       used 23340K, committed 23552K, reserved 1073152K
  class space    used 2639K, committed 2752K, reserved 1048576K
}
Event: 10.544 GC heap before
{Heap before GC invocations=7 (full 0):
 garbage-first heap   total 88064K, used 36669K [0x0000000081c00000, 0x0000000100000000)
  region size 1024K, 7 young (7168K), 6 survivors (6144K)
 Metaspace       used 23340K, committed 23552K, reserved 1073152K
  class space    used 2639K, committed 2752K, reserved 1048576K
}
Event: 10.556 GC heap after
{Heap after GC invocations=8 (full 0):
 garbage-first heap   total 88064K, used 36864K [0x0000000081c00000, 0x0000000100000000)
  region size 1024K, 1 young (1024K), 1 survivors (1024K)
 Metaspace       used 23340K, committed 23552K, reserved 1073152K
  class space    used 2639K, committed 2752K, reserved 1048576K
}
Event: 12.004 GC heap before
{Heap before GC invocations=8 (full 0):
 garbage-first heap   total 88064K, used 62464K [0x0000000081c00000, 0x0000000100000000)
  region size 1024K, 26 young (26624K), 1 survivors (1024K)
 Metaspace       used 25471K, committed 25728K, reserved 1073152K
  class space    used 2890K, committed 3008K, reserved 1048576K
}
Event: 12.019 GC heap after
{Heap after GC invocations=9 (full 0):
 garbage-first heap   total 88064K, used 41984K [0x0000000081c00000, 0x0000000100000000)
  region size 1024K, 4 young (4096K), 4 survivors (4096K)
 Metaspace       used 25471K, committed 25728K, reserved 1073152K
  class space    used 2890K, committed 3008K, reserved 1048576K
}
Event: 13.145 GC heap before
{Heap before GC invocations=10 (full 0):
 garbage-first heap   total 88064K, used 55296K [0x0000000081c00000, 0x0000000100000000)
  region size 1024K, 16 young (16384K), 4 survivors (4096K)
 Metaspace       used 25850K, committed 26176K, reserved 1073152K
  class space    used 2899K, committed 3072K, reserved 1048576K
}
Event: 13.160 GC heap after
{Heap after GC invocations=11 (full 0):
 garbage-first heap   total 88064K, used 42952K [0x0000000081c00000, 0x0000000100000000)
  region size 1024K, 1 young (1024K), 1 survivors (1024K)
 Metaspace       used 25850K, committed 26176K, reserved 1073152K
  class space    used 2899K, committed 3072K, reserved 1048576K
}
Event: 13.804 GC heap before
{Heap before GC invocations=12 (full 0):
 garbage-first heap   total 88064K, used 68552K [0x0000000081c00000, 0x0000000100000000)
  region size 1024K, 24 young (24576K), 1 survivors (1024K)
 Metaspace       used 25936K, committed 26240K, reserved 1073152K
  class space    used 2899K, committed 3072K, reserved 1048576K
}
Event: 13.823 GC heap after
{Heap after GC invocations=13 (full 0):
 garbage-first heap   total 88064K, used 58368K [0x0000000081c00000, 0x0000000100000000)
  region size 1024K, 3 young (3072K), 3 survivors (3072K)
 Metaspace       used 25936K, committed 26240K, reserved 1073152K
  class space    used 2899K, committed 3072K, reserved 1048576K
}
Event: 13.834 GC heap before
{Heap before GC invocations=13 (full 0):
 garbage-first heap   total 88064K, used 59392K [0x0000000081c00000, 0x0000000100000000)
  region size 1024K, 4 young (4096K), 3 survivors (3072K)
 Metaspace       used 25936K, committed 26240K, reserved 1073152K
  class space    used 2899K, committed 3072K, reserved 1048576K
}
Event: 13.846 GC heap after
{Heap after GC invocations=14 (full 0):
 garbage-first heap   total 88064K, used 52349K [0x0000000081c00000, 0x0000000100000000)
  region size 1024K, 1 young (1024K), 1 survivors (1024K)
 Metaspace       used 25936K, committed 26240K, reserved 1073152K
  class space    used 2899K, committed 3072K, reserved 1048576K
}
Event: 13.931 GC heap before
{Heap before GC invocations=14 (full 0):
 garbage-first heap   total 88064K, used 55421K [0x0000000081c00000, 0x0000000100000000)
  region size 1024K, 4 young (4096K), 1 survivors (1024K)
 Metaspace       used 25936K, committed 26240K, reserved 1073152K
  class space    used 2899K, committed 3072K, reserved 1048576K
}

