# JRE version: Java(TM) SE Runtime Environment (17.0.5+9) (build 17.0.5+9-LTS-191)
# Java VM: Java HotSpot(TM) 64-Bit Server VM (17.0.5+9-LTS-191, mixed mode, sharing, tiered, compressed oops, compressed class ptrs, g1 gc, windows-amd64)
GC Precious Log:
 CPUs: 4 total, 4 available
 Memory: 8072M
 Large Page Support: Disabled
 NUMA Support: Disabled
 Compressed Oops: Enabled (32-bit)
 Heap Region Size: 1M
 Heap Min Capacity: 8M
 Heap Initial Capacity: 128M
 Heap Max Capacity: 2020M
 Pre-touch: Disabled
 Parallel Workers: 4
 Concurrent Workers: 1
 Concurrent Refinement Workers: 4
 Periodic GC: Disabled
Heap:
 garbage-first heap   total 135168K, used 60761K [0x0000000081c00000, 0x0000000100000000)
  region size 1024K, 2 young (2048K), 2 survivors (2048K)
 Metaspace       used 25981K, committed 26304K, reserved 1073152K
  class space    used 2902K, committed 3072K, reserved 1048576K
GC Heap History (20 events):
Event: 1.437 GC heap after
{Heap after GC invocations=1 (full 0):
 garbage-first heap   total 131072K, used 2797K [0x0000000081c00000, 0x0000000100000000)
  region size 1024K, 2 young (2048K), 2 survivors (2048K)
 Metaspace       used 3094K, committed 3200K, reserved 1056768K
  class space    used 302K, committed 384K, reserved 1048576K
}
Event: 2.202 GC heap before
{Heap before GC invocations=1 (full 0):
 garbage-first heap   total 131072K, used 18157K [0x0000000081c00000, 0x0000000100000000)
  region size 1024K, 17 young (17408K), 2 survivors (2048K)
 Metaspace       used 4939K, committed 5056K, reserved 1056768K
  class space    used 578K, committed 640K, reserved 1048576K
}
Event: 2.207 GC heap after
{Heap after GC invocations=2 (full 0):
 garbage-first heap   total 131072K, used 3493K [0x0000000081c00000, 0x0000000100000000)
  region size 1024K, 1 young (1024K), 1 survivors (1024K)
 Metaspace       used 4939K, committed 5056K, reserved 1056768K
  class space    used 578K, committed 640K, reserved 1048576K
}
Event: 5.914 GC heap before
{Heap before GC invocations=2 (full 0):
 garbage-first heap   total 131072K, used 80293K [0x0000000081c00000, 0x0000000100000000)
  region size 1024K, 76 young (77824K), 1 survivors (1024K)
 Metaspace       used 12864K, committed 13056K, reserved 1064960K
  class space    used 1482K, committed 1536K, reserved 1048576K
}
Event: 5.930 GC heap after
{Heap after GC invocations=3 (full 0):
 garbage-first heap   total 131072K, used 10521K [0x0000000081c00000, 0x0000000100000000)
  region size 1024K, 8 young (8192K), 8 survivors (8192K)
 Metaspace       used 12864K, committed 13056K, reserved 1064960K
  class space    used 1482K, committed 1536K, reserved 1048576K
}
Event: 8.330 GC heap before
{Heap before GC invocations=3 (full 0):
 garbage-first heap   total 131072K, used 111897K [0x0000000081c00000, 0x0000000100000000)
  region size 1024K, 76 young (77824K), 8 survivors (8192K)
 Metaspace       used 16793K, committed 17024K, reserved 1064960K
  class space    used 1864K, committed 1984K, reserved 1048576K
}
Event: 8.349 GC heap after
{Heap after GC invocations=4 (full 0):
 garbage-first heap   total 131072K, used 14798K [0x0000000081c00000, 0x0000000100000000)
  region size 1024K, 5 young (5120K), 5 survivors (5120K)
 Metaspace       used 16793K, committed 17024K, reserved 1064960K
  class space    used 1864K, committed 1984K, reserved 1048576K
}
Event: 9.112 GC heap before
{Heap before GC invocations=4 (full 0):
 garbage-first heap   total 131072K, used 31182K [0x0000000081c00000, 0x0000000100000000)
  region size 1024K, 18 young (18432K), 5 survivors (5120K)
 Metaspace       used 21273K, committed 21504K, reserved 1073152K
  class space    used 2426K, committed 2560K, reserved 1048576K
}
Event: 9.123 GC heap after
{Heap after GC invocations=5 (full 0):
 garbage-first heap   total 131072K, used 23118K [0x0000000081c00000, 0x0000000100000000)
  region size 1024K, 10 young (10240K), 10 survivors (10240K)
 Metaspace       used 21273K, committed 21504K, reserved 1073152K
  class space    used 2426K, committed 2560K, reserved 1048576K
}
Event: 10.413 GC heap before
{Heap before GC invocations=6 (full 0):
 garbage-first heap   total 86016K, used 66126K [0x0000000081c00000, 0x0000000100000000)
  region size 1024K, 50 young (51200K), 10 survivors (10240K)
 Metaspace       used 23379K, committed 23616K, reserved 1073152K
  class space    used 2643K, committed 2752K, reserved 1048576K
}
Event: 10.449 GC heap after
{Heap after GC invocations=7 (full 0):
 garbage-first heap   total 90112K, used 35789K [0x0000000081c00000, 0x0000000100000000)
  region size 1024K, 7 young (7168K), 7 survivors (7168K)
 Metaspace       used 23379K, committed 23616K, reserved 1073152K
  class space    used 2643K, committed 2752K, reserved 1048576K
}
Event: 10.458 GC heap before
{Heap before GC invocations=7 (full 0):
 garbage-first heap   total 90112K, used 36813K [0x0000000081c00000, 0x0000000100000000)
  region size 1024K, 8 young (8192K), 7 survivors (7168K)
 Metaspace       used 23379K, committed 23616K, reserved 1073152K
  class space    used 2643K, committed 2752K, reserved 1048576K
}
Event: 10.470 GC heap after
{Heap after GC invocations=8 (full 0):
 garbage-first heap   total 90112K, used 36864K [0x0000000081c00000, 0x0000000100000000)
  region size 1024K, 1 young (1024K), 1 survivors (1024K)
 Metaspace       used 23379K, committed 23616K, reserved 1073152K
  class space    used 2643K, committed 2752K, reserved 1048576K
}
Event: 12.229 GC heap before
{Heap before GC invocations=8 (full 0):
 garbage-first heap   total 90112K, used 67584K [0x0000000081c00000, 0x0000000100000000)
  region size 1024K, 28 young (28672K), 1 survivors (1024K)
 Metaspace       used 25695K, committed 25984K, reserved 1073152K
  class space    used 2895K, committed 3008K, reserved 1048576K
}
Event: 12.246 GC heap after
{Heap after GC invocations=9 (full 0):
 garbage-first heap   total 90112K, used 43008K [0x0000000081c00000, 0x0000000100000000)
  region size 1024K, 4 young (4096K), 4 survivors (4096K)
 Metaspace       used 25695K, committed 25984K, reserved 1073152K
  class space    used 2895K, committed 3008K, reserved 1048576K
}
Event: 13.264 GC heap before
{Heap before GC invocations=10 (full 0):
 garbage-first heap   total 90112K, used 69632K [0x0000000081c00000, 0x0000000100000000)
  region size 1024K, 27 young (27648K), 4 survivors (4096K)
 Metaspace       used 25966K, committed 26304K, reserved 1073152K
  class space    used 2902K, committed 3072K, reserved 1048576K
}
Event: 13.287 GC heap after
{Heap after GC invocations=11 (full 0):
 garbage-first heap   total 90112K, used 56556K [0x0000000081c00000, 0x0000000100000000)
  region size 1024K, 4 young (4096K), 4 survivors (4096K)
 Metaspace       used 25966K, committed 26304K, reserved 1073152K
  class space    used 2902K, committed 3072K, reserved 1048576K
}
Event: 13.289 GC heap before
{Heap before GC invocations=11 (full 0):
 garbage-first heap   total 90112K, used 57580K [0x0000000081c00000, 0x0000000100000000)
  region size 1024K, 5 young (5120K), 4 survivors (4096K)
 Metaspace       used 25966K, committed 26304K, reserved 1073152K
  class space    used 2902K, committed 3072K, reserved 1048576K
}
Event: 13.301 GC heap after
{Heap after GC invocations=12 (full 0):
 garbage-first heap   total 90112K, used 56818K [0x0000000081c00000, 0x0000000100000000)
  region size 1024K, 1 young (1024K), 1 survivors (1024K)
 Metaspace       used 25966K, committed 26304K, reserved 1073152K
  class space    used 2902K, committed 3072K, reserved 1048576K
}
Event: 13.560 GC heap before
{Heap before GC invocations=12 (full 0):
 garbage-first heap   total 90112K, used 68082K [0x0000000081c00000, 0x0000000100000000)
  region size 1024K, 12 young (12288K), 1 survivors (1024K)
 Metaspace       used 25981K, committed 26304K, reserved 1073152K
  class space    used 2902K, committed 3072K, reserved 1048576K
}

