# JRE version: Java(TM) SE Runtime Environment (17.0.5+9) (build 17.0.5+9-LTS-191)
# Java VM: Java HotSpot(TM) 64-Bit Server VM (17.0.5+9-LTS-191, mixed mode, sharing, tiered, compressed oops, compressed class ptrs, g1 gc, windows-amd64)
GC Precious Log:
 CPUs: 4 total, 4 available
 Memory: 8072M
 Large Page Support: Disabled
 NUMA Support: Disabled
 Compressed Oops: Enabled (32-bit)
 Heap Region Size: 1M
 Heap Min Capacity: 8M
 Heap Initial Capacity: 128M
 Heap Max Capacity: 2020M
 Pre-touch: Disabled
 Parallel Workers: 4
 Concurrent Workers: 1
 Concurrent Refinement Workers: 4
 Periodic GC: Disabled
Heap:
 garbage-first heap   total 137216K, used 51935K [0x0000000081c00000, 0x0000000100000000)
  region size 1024K, 1 young (1024K), 1 survivors (1024K)
 Metaspace       used 25837K, committed 26176K, reserved 1073152K
  class space    used 2899K, committed 3072K, reserved 1048576K
GC Heap History (20 events):
Event: 6.850 GC heap after
{Heap after GC invocations=3 (full 0):
 garbage-first heap   total 131072K, used 10602K [0x0000000081c00000, 0x0000000100000000)
  region size 1024K, 8 young (8192K), 8 survivors (8192K)
 Metaspace       used 12866K, committed 13056K, reserved 1064960K
  class space    used 1477K, committed 1536K, reserved 1048576K
}
Event: 9.148 GC heap before
{Heap before GC invocations=3 (full 0):
 garbage-first heap   total 131072K, used 111978K [0x0000000081c00000, 0x0000000100000000)
  region size 1024K, 76 young (77824K), 8 survivors (8192K)
 Metaspace       used 16739K, committed 17024K, reserved 1064960K
  class space    used 1859K, committed 1984K, reserved 1048576K
}
Event: 9.166 GC heap after
{Heap after GC invocations=4 (full 0):
 garbage-first heap   total 131072K, used 14637K [0x0000000081c00000, 0x0000000100000000)
  region size 1024K, 5 young (5120K), 5 survivors (5120K)
 Metaspace       used 16739K, committed 17024K, reserved 1064960K
  class space    used 1859K, committed 1984K, reserved 1048576K
}
Event: 10.003 GC heap before
{Heap before GC invocations=4 (full 0):
 garbage-first heap   total 131072K, used 29997K [0x0000000081c00000, 0x0000000100000000)
  region size 1024K, 17 young (17408K), 5 survivors (5120K)
 Metaspace       used 21274K, committed 21504K, reserved 1073152K
  class space    used 2440K, committed 2560K, reserved 1048576K
}
Event: 10.014 GC heap after
{Heap after GC invocations=5 (full 0):
 garbage-first heap   total 131072K, used 23064K [0x0000000081c00000, 0x0000000100000000)
  region size 1024K, 9 young (9216K), 9 survivors (9216K)
 Metaspace       used 21274K, committed 21504K, reserved 1073152K
  class space    used 2440K, committed 2560K, reserved 1048576K
}
Event: 11.222 GC heap before
{Heap before GC invocations=6 (full 0):
 garbage-first heap   total 81920K, used 64024K [0x0000000081c00000, 0x0000000100000000)
  region size 1024K, 48 young (49152K), 9 survivors (9216K)
 Metaspace       used 23287K, committed 23552K, reserved 1073152K
  class space    used 2638K, committed 2752K, reserved 1048576K
}
Event: 11.257 GC heap after
{Heap after GC invocations=7 (full 0):
 garbage-first heap   total 88064K, used 35993K [0x0000000081c00000, 0x0000000100000000)
  region size 1024K, 6 young (6144K), 6 survivors (6144K)
 Metaspace       used 23287K, committed 23552K, reserved 1073152K
  class space    used 2638K, committed 2752K, reserved 1048576K
}
Event: 11.268 GC heap before
{Heap before GC invocations=7 (full 0):
 garbage-first heap   total 88064K, used 37017K [0x0000000081c00000, 0x0000000100000000)
  region size 1024K, 7 young (7168K), 6 survivors (6144K)
 Metaspace       used 23287K, committed 23552K, reserved 1073152K
  class space    used 2638K, committed 2752K, reserved 1048576K
}
Event: 11.277 GC heap after
{Heap after GC invocations=8 (full 0):
 garbage-first heap   total 88064K, used 37376K [0x0000000081c00000, 0x0000000100000000)
  region size 1024K, 1 young (1024K), 1 survivors (1024K)
 Metaspace       used 23287K, committed 23552K, reserved 1073152K
  class space    used 2638K, committed 2752K, reserved 1048576K
}
Event: 12.273 GC heap before
{Heap before GC invocations=8 (full 0):
 garbage-first heap   total 88064K, used 62976K [0x0000000081c00000, 0x0000000100000000)
  region size 1024K, 26 young (26624K), 1 survivors (1024K)
 Metaspace       used 25365K, committed 25664K, reserved 1073152K
  class space    used 2887K, committed 3008K, reserved 1048576K
}
Event: 12.288 GC heap after
{Heap after GC invocations=9 (full 0):
 garbage-first heap   total 88064K, used 42496K [0x0000000081c00000, 0x0000000100000000)
  region size 1024K, 4 young (4096K), 4 survivors (4096K)
 Metaspace       used 25365K, committed 25664K, reserved 1073152K
  class space    used 2887K, committed 3008K, reserved 1048576K
}
Event: 12.456 GC heap before
{Heap before GC invocations=10 (full 0):
 garbage-first heap   total 88064K, used 44544K [0x0000000081c00000, 0x0000000100000000)
  region size 1024K, 7 young (7168K), 4 survivors (4096K)
 Metaspace       used 25560K, committed 25856K, reserved 1073152K
  class space    used 2891K, committed 3008K, reserved 1048576K
}
Event: 12.469 GC heap after
{Heap after GC invocations=11 (full 0):
 garbage-first heap   total 88064K, used 43255K [0x0000000081c00000, 0x0000000100000000)
  region size 1024K, 1 young (1024K), 1 survivors (1024K)
 Metaspace       used 25560K, committed 25856K, reserved 1073152K
  class space    used 2891K, committed 3008K, reserved 1048576K
}
Event: 13.214 GC heap before
{Heap before GC invocations=12 (full 0):
 garbage-first heap   total 88064K, used 54519K [0x0000000081c00000, 0x0000000100000000)
  region size 1024K, 12 young (12288K), 1 survivors (1024K)
 Metaspace       used 25765K, committed 26112K, reserved 1073152K
  class space    used 2898K, committed 3072K, reserved 1048576K
}
Event: 13.221 GC heap after
{Heap after GC invocations=13 (full 0):
 garbage-first heap   total 88064K, used 43591K [0x0000000081c00000, 0x0000000100000000)
  region size 1024K, 1 young (1024K), 1 survivors (1024K)
 Metaspace       used 25765K, committed 26112K, reserved 1073152K
  class space    used 2898K, committed 3072K, reserved 1048576K
}
Event: 13.713 GC heap before
{Heap before GC invocations=14 (full 0):
 garbage-first heap   total 88064K, used 70215K [0x0000000081c00000, 0x0000000100000000)
  region size 1024K, 24 young (24576K), 1 survivors (1024K)
 Metaspace       used 25834K, committed 26176K, reserved 1073152K
  class space    used 2898K, committed 3072K, reserved 1048576K
}
Event: 13.730 GC heap after
{Heap after GC invocations=15 (full 0):
 garbage-first heap   total 88064K, used 59841K [0x0000000081c00000, 0x0000000100000000)
  region size 1024K, 3 young (3072K), 3 survivors (3072K)
 Metaspace       used 25834K, committed 26176K, reserved 1073152K
  class space    used 2898K, committed 3072K, reserved 1048576K
}
Event: 13.761 GC heap before
{Heap before GC invocations=15 (full 0):
 garbage-first heap   total 88064K, used 59841K [0x0000000081c00000, 0x0000000100000000)
  region size 1024K, 4 young (4096K), 3 survivors (3072K)
 Metaspace       used 25834K, committed 26176K, reserved 1073152K
  class space    used 2898K, committed 3072K, reserved 1048576K
}
Event: 13.765 GC heap after
{Heap after GC invocations=16 (full 0):
 garbage-first heap   total 88064K, used 51272K [0x0000000081c00000, 0x0000000100000000)
  region size 1024K, 1 young (1024K), 1 survivors (1024K)
 Metaspace       used 25834K, committed 26176K, reserved 1073152K
  class space    used 2898K, committed 3072K, reserved 1048576K
}
Event: 13.837 GC heap before
{Heap before GC invocations=16 (full 0):
 garbage-first heap   total 88064K, used 54344K [0x0000000081c00000, 0x0000000100000000)
  region size 1024K, 4 young (4096K), 1 survivors (1024K)
 Metaspace       used 25837K, committed 26176K, reserved 1073152K
  class space    used 2899K, committed 3072K, reserved 1048576K
}

