# JRE version: Java(TM) SE Runtime Environment (17.0.5+9) (build 17.0.5+9-LTS-191)
# Java VM: Java HotSpot(TM) 64-Bit Server VM (17.0.5+9-LTS-191, mixed mode, sharing, tiered, compressed oops, compressed class ptrs, g1 gc, windows-amd64)
GC Precious Log:
 CPUs: 4 total, 4 available
 Memory: 8072M
 Large Page Support: Disabled
 NUMA Support: Disabled
 Compressed Oops: Enabled (32-bit)
 Heap Region Size: 1M
 Heap Min Capacity: 8M
 Heap Initial Capacity: 128M
 Heap Max Capacity: 2020M
 Pre-touch: Disabled
 Parallel Workers: 4
 Concurrent Workers: 1
 Concurrent Refinement Workers: 4
 Periodic GC: Disabled
Heap:
 garbage-first heap   total 92160K, used 31077K [0x0000000081c00000, 0x0000000100000000)
  region size 1024K, 1 young (1024K), 1 survivors (1024K)
 Metaspace       used 25925K, committed 26176K, reserved 1073152K
  class space    used 2953K, committed 3072K, reserved 1048576K
GC Heap History (20 events):
Event: 7.160 GC heap after
{Heap after GC invocations=3 (full 0):
 garbage-first heap   total 131072K, used 10672K [0x0000000081c00000, 0x0000000100000000)
  region size 1024K, 8 young (8192K), 8 survivors (8192K)
 Metaspace       used 12890K, committed 13056K, reserved 1064960K
  class space    used 1482K, committed 1536K, reserved 1048576K
}
Event: 10.862 GC heap before
{Heap before GC invocations=3 (full 0):
 garbage-first heap   total 131072K, used 112048K [0x0000000081c00000, 0x0000000100000000)
  region size 1024K, 76 young (77824K), 8 survivors (8192K)
 Metaspace       used 16830K, committed 17088K, reserved 1064960K
  class space    used 1864K, committed 1984K, reserved 1048576K
}
Event: 10.881 GC heap after
{Heap after GC invocations=4 (full 0):
 garbage-first heap   total 131072K, used 14932K [0x0000000081c00000, 0x0000000100000000)
  region size 1024K, 5 young (5120K), 5 survivors (5120K)
 Metaspace       used 16830K, committed 17088K, reserved 1064960K
  class space    used 1864K, committed 1984K, reserved 1048576K
}
Event: 11.905 GC heap before
{Heap before GC invocations=4 (full 0):
 garbage-first heap   total 131072K, used 32340K [0x0000000081c00000, 0x0000000100000000)
  region size 1024K, 19 young (19456K), 5 survivors (5120K)
 Metaspace       used 21237K, committed 21504K, reserved 1073152K
  class space    used 2408K, committed 2560K, reserved 1048576K
}
Event: 11.917 GC heap after
{Heap after GC invocations=5 (full 0):
 garbage-first heap   total 131072K, used 23124K [0x0000000081c00000, 0x0000000100000000)
  region size 1024K, 9 young (9216K), 9 survivors (9216K)
 Metaspace       used 21237K, committed 21504K, reserved 1073152K
  class space    used 2408K, committed 2560K, reserved 1048576K
}
Event: 13.809 GC heap before
{Heap before GC invocations=6 (full 0):
 garbage-first heap   total 81920K, used 64084K [0x0000000081c00000, 0x0000000100000000)
  region size 1024K, 48 young (49152K), 9 survivors (9216K)
 Metaspace       used 22836K, committed 23104K, reserved 1073152K
  class space    used 2597K, committed 2688K, reserved 1048576K
}
Event: 13.846 GC heap after
{Heap after GC invocations=7 (full 0):
 garbage-first heap   total 91136K, used 38613K [0x0000000081c00000, 0x0000000100000000)
  region size 1024K, 6 young (6144K), 6 survivors (6144K)
 Metaspace       used 22836K, committed 23104K, reserved 1073152K
  class space    used 2597K, committed 2688K, reserved 1048576K
}
Event: 13.862 GC heap before
{Heap before GC invocations=7 (full 0):
 garbage-first heap   total 91136K, used 39637K [0x0000000081c00000, 0x0000000100000000)
  region size 1024K, 7 young (7168K), 6 survivors (6144K)
 Metaspace       used 22851K, committed 23104K, reserved 1073152K
  class space    used 2598K, committed 2688K, reserved 1048576K
}
Event: 13.870 GC heap after
{Heap after GC invocations=8 (full 0):
 garbage-first heap   total 91136K, used 39895K [0x0000000081c00000, 0x0000000100000000)
  region size 1024K, 1 young (1024K), 1 survivors (1024K)
 Metaspace       used 22851K, committed 23104K, reserved 1073152K
  class space    used 2598K, committed 2688K, reserved 1048576K
}
Event: 15.493 GC heap before
{Heap before GC invocations=8 (full 0):
 garbage-first heap   total 91136K, used 64471K [0x0000000081c00000, 0x0000000100000000)
  region size 1024K, 26 young (26624K), 1 survivors (1024K)
 Metaspace       used 23277K, committed 23552K, reserved 1073152K
  class space    used 2631K, committed 2752K, reserved 1048576K
}
Event: 15.497 GC heap after
{Heap after GC invocations=9 (full 0):
 garbage-first heap   total 91136K, used 39176K [0x0000000081c00000, 0x0000000100000000)
  region size 1024K, 2 young (2048K), 2 survivors (2048K)
 Metaspace       used 23277K, committed 23552K, reserved 1073152K
  class space    used 2631K, committed 2752K, reserved 1048576K
}
Event: 16.901 GC heap before
{Heap before GC invocations=9 (full 0):
 garbage-first heap   total 91136K, used 66824K [0x0000000081c00000, 0x0000000100000000)
  region size 1024K, 29 young (29696K), 2 survivors (2048K)
 Metaspace       used 24554K, committed 24896K, reserved 1073152K
  class space    used 2811K, committed 2944K, reserved 1048576K
}
Event: 16.907 GC heap after
{Heap after GC invocations=10 (full 0):
 garbage-first heap   total 91136K, used 40177K [0x0000000081c00000, 0x0000000100000000)
  region size 1024K, 3 young (3072K), 3 survivors (3072K)
 Metaspace       used 24554K, committed 24896K, reserved 1073152K
  class space    used 2811K, committed 2944K, reserved 1048576K
}
Event: 17.553 GC heap before
{Heap before GC invocations=10 (full 0):
 garbage-first heap   total 91136K, used 55537K [0x0000000081c00000, 0x0000000100000000)
  region size 1024K, 16 young (16384K), 3 survivors (3072K)
 Metaspace       used 25475K, committed 25856K, reserved 1073152K
  class space    used 2911K, committed 3072K, reserved 1048576K
}
Event: 17.562 GC heap after
{Heap after GC invocations=11 (full 0):
 garbage-first heap   total 91136K, used 44044K [0x0000000081c00000, 0x0000000100000000)
  region size 1024K, 2 young (2048K), 2 survivors (2048K)
 Metaspace       used 25475K, committed 25856K, reserved 1073152K
  class space    used 2911K, committed 3072K, reserved 1048576K
}
Event: 18.352 GC heap before
{Heap before GC invocations=12 (full 0):
 garbage-first heap   total 92160K, used 83980K [0x0000000081c00000, 0x0000000100000000)
  region size 1024K, 21 young (21504K), 2 survivors (2048K)
 Metaspace       used 25918K, committed 26176K, reserved 1073152K
  class space    used 2953K, committed 3072K, reserved 1048576K
}
Event: 18.359 GC heap after
{Heap after GC invocations=13 (full 0):
 garbage-first heap   total 92160K, used 41760K [0x0000000081c00000, 0x0000000100000000)
  region size 1024K, 3 young (3072K), 3 survivors (3072K)
 Metaspace       used 25918K, committed 26176K, reserved 1073152K
  class space    used 2953K, committed 3072K, reserved 1048576K
}
Event: 18.377 GC heap before
{Heap before GC invocations=13 (full 0):
 garbage-first heap   total 92160K, used 42784K [0x0000000081c00000, 0x0000000100000000)
  region size 1024K, 4 young (4096K), 3 survivors (3072K)
 Metaspace       used 25918K, committed 26176K, reserved 1073152K
  class space    used 2953K, committed 3072K, reserved 1048576K
}
Event: 18.384 GC heap after
{Heap after GC invocations=14 (full 0):
 garbage-first heap   total 92160K, used 32978K [0x0000000081c00000, 0x0000000100000000)
  region size 1024K, 1 young (1024K), 1 survivors (1024K)
 Metaspace       used 25918K, committed 26176K, reserved 1073152K
  class space    used 2953K, committed 3072K, reserved 1048576K
}
Event: 18.453 GC heap before
{Heap before GC invocations=14 (full 0):
 garbage-first heap   total 92160K, used 36050K [0x0000000081c00000, 0x0000000100000000)
  region size 1024K, 4 young (4096K), 1 survivors (1024K)
 Metaspace       used 25925K, committed 26176K, reserved 1073152K
  class space    used 2953K, committed 3072K, reserved 1048576K
}

